[debug] [2024-07-10T18:28:00.881Z] ----------------------------------------------------------------------
[debug] [2024-07-10T18:28:00.886Z] Command:       C:\Program Files\nodejs\node.exe C:\Users\omele\AppData\Roaming\npm\node_modules\firebase-tools\lib\bin\firebase.js init
[debug] [2024-07-10T18:28:00.886Z] CLI Version:   13.13.1
[debug] [2024-07-10T18:28:00.887Z] Platform:      win32
[debug] [2024-07-10T18:28:00.887Z] Node Version:  v20.13.1
[debug] [2024-07-10T18:28:00.887Z] Time:          Wed Jul 10 2024 14:28:00 GMT-0400 (Eastern Daylight Saving Time)
[debug] [2024-07-10T18:28:00.887Z] ----------------------------------------------------------------------
[debug] 
[debug] [2024-07-10T18:28:00.892Z] >>> [apiv2][query] GET https://firebase-public.firebaseio.com/cli.json [none]
[debug] [2024-07-10T18:28:01.070Z] > command requires scopes: ["email","openid","https://www.googleapis.com/auth/cloudplatformprojects.readonly","https://www.googleapis.com/auth/firebase","https://www.googleapis.com/auth/cloud-platform"]
[debug] [2024-07-10T18:28:01.071Z] > authorizing via signed-in user (omelettemail21@gmail.com)
[info] 
     ######## #### ########  ######## ########     ###     ######  ########
     ##        ##  ##     ## ##       ##     ##  ##   ##  ##       ##
     ######    ##  ########  ######   ########  #########  ######  ######
     ##        ##  ##    ##  ##       ##     ## ##     ##       ## ##
     ##       #### ##     ## ######## ########  ##     ##  ######  ########

You're about to initialize a Firebase project in this directory:

  C:\Users\omele\PycharmProjects\omelettedrawz

Before we get started, keep in mind:

  * You are initializing within an existing Firebase project directory

[debug] [2024-07-10T18:28:01.199Z] <<< [apiv2][status] GET https://firebase-public.firebaseio.com/cli.json 200
[debug] [2024-07-10T18:28:01.200Z] <<< [apiv2][body] GET https://firebase-public.firebaseio.com/cli.json {"cloudBuildErrorAfter":1594252800000,"cloudBuildWarnAfter":1590019200000,"defaultNode10After":1594252800000,"minVersion":"3.0.5","node8DeploysDisabledAfter":1613390400000,"node8RuntimeDisabledAfter":1615809600000,"node8WarnAfter":1600128000000}
